# JRE version: OpenJDK Runtime Environment (8.0_152-b01) (build 1.8.0_152-release-1248-b01)
# Java VM: OpenJDK 64-Bit Server VM (25.152-b01 mixed mode windows-amd64 compressed oops)
Heap:
 PSYoungGen      total 334848K, used 99224K [0x00000000e0000000, 0x00000000fa500000, 0x0000000100000000)
  eden space 303104K, 22% used [0x00000000e0000000,0x00000000e41ea060,0x00000000f2800000)
  from space 31744K, 99% used [0x00000000f2800000,0x00000000f46fc2a8,0x00000000f4700000)
  to   space 37376K, 0% used [0x00000000f8080000,0x00000000f8080000,0x00000000fa500000)
 ParOldGen       total 137216K, used 54679K [0x00000000a0000000, 0x00000000a8600000, 0x00000000e0000000)
  object space 137216K, 39% used [0x00000000a0000000,0x00000000a3565fa0,0x00000000a8600000)
 Metaspace       used 87579K, capacity 90998K, committed 91136K, reserved 1128448K
  class space    used 11194K, capacity 11926K, committed 12032K, reserved 1048576K
GC Heap History (10 events):
Event: 11.257 GC heap before
{Heap before GC invocations=14 (full 3):
 PSYoungGen      total 232448K, used 209920K [0x00000000e0000000, 0x00000000ef880000, 0x0000000100000000)
  eden space 209920K, 100% used [0x00000000e0000000,0x00000000ecd00000,0x00000000ecd00000)
  from space 22528K, 0% used [0x00000000ee200000,0x00000000ee200000,0x00000000ef800000)
  to   space 21504K, 0% used [0x00000000ecd00000,0x00000000ecd00000,0x00000000ee200000)
 ParOldGen       total 137216K, used 34515K [0x00000000a0000000, 0x00000000a8600000, 0x00000000e0000000)
  object space 137216K, 25% used [0x00000000a0000000,0x00000000a21b4ca8,0x00000000a8600000)
 Metaspace       used 64621K, capacity 66812K, committed 67072K, reserved 1107968K
  class space    used 8605K, capacity 9155K, committed 9216K, reserved 1048576K
Event: 11.292 GC heap after
Heap after GC invocations=14 (full 3):
 PSYoungGen      total 231424K, used 13012K [0x00000000e0000000, 0x00000000f2e00000, 0x0000000100000000)
  eden space 209920K, 0% used [0x00000000e0000000,0x00000000e0000000,0x00000000ecd00000)
  from space 21504K, 60% used [0x00000000ecd00000,0x00000000ed9b5230,0x00000000ee200000)
  to   space 21504K, 0% used [0x00000000f1900000,0x00000000f1900000,0x00000000f2e00000)
 ParOldGen       total 137216K, used 34523K [0x00000000a0000000, 0x00000000a8600000, 0x00000000e0000000)
  object space 137216K, 25% used [0x00000000a0000000,0x00000000a21b6ca8,0x00000000a8600000)
 Metaspace       used 64621K, capacity 66812K, committed 67072K, reserved 1107968K
  class space    used 8605K, capacity 9155K, committed 9216K, reserved 1048576K
}
Event: 31.536 GC heap before
{Heap before GC invocations=15 (full 3):
 PSYoungGen      total 231424K, used 222932K [0x00000000e0000000, 0x00000000f2e00000, 0x0000000100000000)
  eden space 209920K, 100% used [0x00000000e0000000,0x00000000ecd00000,0x00000000ecd00000)
  from space 21504K, 60% used [0x00000000ecd00000,0x00000000ed9b5230,0x00000000ee200000)
  to   space 21504K, 0% used [0x00000000f1900000,0x00000000f1900000,0x00000000f2e00000)
 ParOldGen       total 137216K, used 34523K [0x00000000a0000000, 0x00000000a8600000, 0x00000000e0000000)
  object space 137216K, 25% used [0x00000000a0000000,0x00000000a21b6ca8,0x00000000a8600000)
 Metaspace       used 67333K, capacity 69810K, committed 70016K, reserved 1110016K
  class space    used 8939K, capacity 9554K, committed 9600K, reserved 1048576K
Event: 31.572 GC heap after
Heap after GC invocations=15 (full 3):
 PSYoungGen      total 275968K, used 17014K [0x00000000e0000000, 0x00000000f2a00000, 0x0000000100000000)
  eden space 258560K, 0% used [0x00000000e0000000,0x00000000e0000000,0x00000000efc80000)
  from space 17408K, 97% used [0x00000000f1900000,0x00000000f299da68,0x00000000f2a00000)
  to   space 22528K, 0% used [0x00000000efe00000,0x00000000efe00000,0x00000000f1400000)
 ParOldGen       total 137216K, used 34531K [0x00000000a0000000, 0x00000000a8600000, 0x00000000e0000000)
  object space 137216K, 25% used [0x00000000a0000000,0x00000000a21b8ca8,0x00000000a8600000)
 Metaspace       used 67333K, capacity 69810K, committed 70016K, reserved 1110016K
  class space    used 8939K, capacity 9554K, committed 9600K, reserved 1048576K
}
Event: 214.709 GC heap before
{Heap before GC invocations=16 (full 3):
 PSYoungGen      total 275968K, used 275574K [0x00000000e0000000, 0x00000000f2a00000, 0x0000000100000000)
  eden space 258560K, 100% used [0x00000000e0000000,0x00000000efc80000,0x00000000efc80000)
  from space 17408K, 97% used [0x00000000f1900000,0x00000000f299da68,0x00000000f2a00000)
  to   space 22528K, 0% used [0x00000000efe00000,0x00000000efe00000,0x00000000f1400000)
 ParOldGen       total 137216K, used 34531K [0x00000000a0000000, 0x00000000a8600000, 0x00000000e0000000)
  object space 137216K, 25% used [0x00000000a0000000,0x00000000a21b8ca8,0x00000000a8600000)
 Metaspace       used 70086K, capacity 72780K, committed 72960K, reserved 1112064K
  class space    used 9251K, capacity 9903K, committed 9984K, reserved 1048576K
Event: 214.745 GC heap after
Heap after GC invocations=16 (full 3):
 PSYoungGen      total 282624K, used 22502K [0x00000000e0000000, 0x00000000f6500000, 0x0000000100000000)
  eden space 260096K, 0% used [0x00000000e0000000,0x00000000e0000000,0x00000000efe00000)
  from space 22528K, 99% used [0x00000000efe00000,0x00000000f13f9a18,0x00000000f1400000)
  to   space 28672K, 0% used [0x00000000f4900000,0x00000000f4900000,0x00000000f6500000)
 ParOldGen       total 137216K, used 42460K [0x00000000a0000000, 0x00000000a8600000, 0x00000000e0000000)
  object space 137216K, 30% used [0x00000000a0000000,0x00000000a29773e0,0x00000000a8600000)
 Metaspace       used 70086K, capacity 72780K, committed 72960K, reserved 1112064K
  class space    used 9251K, capacity 9903K, committed 9984K, reserved 1048576K
}
Event: 226.486 GC heap before
{Heap before GC invocations=17 (full 3):
 PSYoungGen      total 282624K, used 282598K [0x00000000e0000000, 0x00000000f6500000, 0x0000000100000000)
  eden space 260096K, 100% used [0x00000000e0000000,0x00000000efe00000,0x00000000efe00000)
  from space 22528K, 99% used [0x00000000efe00000,0x00000000f13f9a18,0x00000000f1400000)
  to   space 28672K, 0% used [0x00000000f4900000,0x00000000f4900000,0x00000000f6500000)
 ParOldGen       total 137216K, used 42460K [0x00000000a0000000, 0x00000000a8600000, 0x00000000e0000000)
  object space 137216K, 30% used [0x00000000a0000000,0x00000000a29773e0,0x00000000a8600000)
 Metaspace       used 77724K, capacity 80416K, committed 80640K, reserved 1120256K
  class space    used 10038K, capacity 10717K, committed 10752K, reserved 1048576K
Event: 226.523 GC heap after
Heap after GC invocations=17 (full 3):
 PSYoungGen      total 331776K, used 25760K [0x00000000e0000000, 0x00000000f6600000, 0x0000000100000000)
  eden space 303104K, 0% used [0x00000000e0000000,0x00000000e0000000,0x00000000f2800000)
  from space 28672K, 89% used [0x00000000f4900000,0x00000000f6228340,0x00000000f6500000)
  to   space 31744K, 0% used [0x00000000f2800000,0x00000000f2800000,0x00000000f4700000)
 ParOldGen       total 137216K, used 51549K [0x00000000a0000000, 0x00000000a8600000, 0x00000000e0000000)
  object space 137216K, 37% used [0x00000000a0000000,0x00000000a3257610,0x00000000a8600000)
 Metaspace       used 77724K, capacity 80416K, committed 80640K, reserved 1120256K
  class space    used 10038K, capacity 10717K, committed 10752K, reserved 1048576K
}
Event: 229.827 GC heap before
{Heap before GC invocations=18 (full 3):
 PSYoungGen      total 331776K, used 328864K [0x00000000e0000000, 0x00000000f6600000, 0x0000000100000000)
  eden space 303104K, 100% used [0x00000000e0000000,0x00000000f2800000,0x00000000f2800000)
  from space 28672K, 89% used [0x00000000f4900000,0x00000000f6228340,0x00000000f6500000)
  to   space 31744K, 0% used [0x00000000f2800000,0x00000000f2800000,0x00000000f4700000)
 ParOldGen       total 137216K, used 51549K [0x00000000a0000000, 0x00000000a8600000, 0x00000000e0000000)
  object space 137216K, 37% used [0x00000000a0000000,0x00000000a3257610,0x00000000a8600000)
 Metaspace       used 86364K, capacity 89778K, committed 89984K, reserved 1128448K
  class space    used 11134K, capacity 11884K, committed 11904K, reserved 1048576K
Event: 229.872 GC heap after
Heap after GC invocations=18 (full 3):
 PSYoungGen      total 334848K, used 31728K [0x00000000e0000000, 0x00000000fa500000, 0x0000000100000000)
  eden space 303104K, 0% used [0x00000000e0000000,0x00000000e0000000,0x00000000f2800000)
  from space 31744K, 99% used [0x00000000f2800000,0x00000000f46fc2a8,0x00000000f4700000)
  to   space 37376K, 0% used [0x00000000f8080000,0x00000000f8080000,0x00000000fa500000)
 ParOldGen       total 137216K, used 54679K [0x00000000a0000000, 0x00000000a8600000, 0x00000000e0000000)
  object space 137216K, 39% used [0x00000000a0000000,0x00000000a3565fa0,0x00000000a8600000)
 Metaspace       used 86364K, capacity 89778K, committed 89984K, reserved 1128448K
  class space    used 11134K, capacity 11884K, committed 11904K, reserved 1048576K
}

