# JRE version: OpenJDK Runtime Environment (8.0_152-b01) (build 1.8.0_152-release-1248-b01)
# Java VM: OpenJDK 64-Bit Server VM (25.152-b01 mixed mode windows-amd64 compressed oops)
Heap:
 PSYoungGen      total 141312K, used 112166K [0x00000000e0000000, 0x00000000ef800000, 0x0000000100000000)
  eden space 130560K, 85% used [0x00000000e0000000,0x00000000e6d89880,0x00000000e7f80000)
  from space 10752K, 0% used [0x00000000e7f80000,0x00000000e7f80000,0x00000000e8a00000)
  to   space 13312K, 0% used [0x00000000eeb00000,0x00000000eeb00000,0x00000000ef800000)
 ParOldGen       total 81920K, used 19818K [0x00000000a0000000, 0x00000000a5000000, 0x00000000e0000000)
  object space 81920K, 24% used [0x00000000a0000000,0x00000000a135a8b8,0x00000000a5000000)
 Metaspace       used 39743K, capacity 40440K, committed 40792K, reserved 1085440K
  class space    used 5170K, capacity 5417K, committed 5504K, reserved 1048576K
GC Heap History (10 events):
Event: 14.867 GC heap before
{Heap before GC invocations=5 (full 0):
 PSYoungGen      total 71680K, used 27931K [0x00000000e0000000, 0x00000000e4b00000, 0x0000000100000000)
  eden space 66560K, 34% used [0x00000000e0000000,0x00000000e1648648,0x00000000e4100000)
  from space 5120K, 99% used [0x00000000e4600000,0x00000000e4afe660,0x00000000e4b00000)
  to   space 5120K, 0% used [0x00000000e4100000,0x00000000e4100000,0x00000000e4600000)
 ParOldGen       total 87552K, used 6009K [0x00000000a0000000, 0x00000000a5580000, 0x00000000e0000000)
  object space 87552K, 6% used [0x00000000a0000000,0x00000000a05de650,0x00000000a5580000)
 Metaspace       used 20609K, capacity 21102K, committed 21248K, reserved 1067008K
  class space    used 2888K, capacity 3045K, committed 3072K, reserved 1048576K
Event: 14.874 GC heap after
Heap after GC invocations=5 (full 0):
 PSYoungGen      total 71680K, used 5097K [0x00000000e0000000, 0x00000000e9700000, 0x0000000100000000)
  eden space 66560K, 0% used [0x00000000e0000000,0x00000000e0000000,0x00000000e4100000)
  from space 5120K, 99% used [0x00000000e4100000,0x00000000e45fa490,0x00000000e4600000)
  to   space 10752K, 0% used [0x00000000e8c80000,0x00000000e8c80000,0x00000000e9700000)
 ParOldGen       total 87552K, used 9380K [0x00000000a0000000, 0x00000000a5580000, 0x00000000e0000000)
  object space 87552K, 10% used [0x00000000a0000000,0x00000000a0929378,0x00000000a5580000)
 Metaspace       used 20609K, capacity 21102K, committed 21248K, reserved 1067008K
  class space    used 2888K, capacity 3045K, committed 3072K, reserved 1048576K
}
Event: 14.874 GC heap before
{Heap before GC invocations=6 (full 1):
 PSYoungGen      total 71680K, used 5097K [0x00000000e0000000, 0x00000000e9700000, 0x0000000100000000)
  eden space 66560K, 0% used [0x00000000e0000000,0x00000000e0000000,0x00000000e4100000)
  from space 5120K, 99% used [0x00000000e4100000,0x00000000e45fa490,0x00000000e4600000)
  to   space 10752K, 0% used [0x00000000e8c80000,0x00000000e8c80000,0x00000000e9700000)
 ParOldGen       total 87552K, used 9380K [0x00000000a0000000, 0x00000000a5580000, 0x00000000e0000000)
  object space 87552K, 10% used [0x00000000a0000000,0x00000000a0929378,0x00000000a5580000)
 Metaspace       used 20609K, capacity 21102K, committed 21248K, reserved 1067008K
  class space    used 2888K, capacity 3045K, committed 3072K, reserved 1048576K
Event: 14.906 GC heap after
Heap after GC invocations=6 (full 1):
 PSYoungGen      total 71680K, used 0K [0x00000000e0000000, 0x00000000e9700000, 0x0000000100000000)
  eden space 66560K, 0% used [0x00000000e0000000,0x00000000e0000000,0x00000000e4100000)
  from space 5120K, 0% used [0x00000000e4100000,0x00000000e4100000,0x00000000e4600000)
  to   space 10752K, 0% used [0x00000000e8c80000,0x00000000e8c80000,0x00000000e9700000)
 ParOldGen       total 51712K, used 8979K [0x00000000a0000000, 0x00000000a3280000, 0x00000000e0000000)
  object space 51712K, 17% used [0x00000000a0000000,0x00000000a08c4c58,0x00000000a3280000)
 Metaspace       used 20609K, capacity 21102K, committed 21248K, reserved 1067008K
  class space    used 2888K, capacity 3045K, committed 3072K, reserved 1048576K
}
Event: 17.046 GC heap before
{Heap before GC invocations=7 (full 1):
 PSYoungGen      total 71680K, used 66560K [0x00000000e0000000, 0x00000000e9700000, 0x0000000100000000)
  eden space 66560K, 100% used [0x00000000e0000000,0x00000000e4100000,0x00000000e4100000)
  from space 5120K, 0% used [0x00000000e4100000,0x00000000e4100000,0x00000000e4600000)
  to   space 10752K, 0% used [0x00000000e8c80000,0x00000000e8c80000,0x00000000e9700000)
 ParOldGen       total 51712K, used 8979K [0x00000000a0000000, 0x00000000a3280000, 0x00000000e0000000)
  object space 51712K, 17% used [0x00000000a0000000,0x00000000a08c4c58,0x00000000a3280000)
 Metaspace       used 27963K, capacity 28426K, committed 28672K, reserved 1073152K
  class space    used 3817K, capacity 3990K, committed 4096K, reserved 1048576K
Event: 17.056 GC heap after
Heap after GC invocations=7 (full 1):
 PSYoungGen      total 131584K, used 7804K [0x00000000e0000000, 0x00000000e9480000, 0x0000000100000000)
  eden space 123392K, 0% used [0x00000000e0000000,0x00000000e0000000,0x00000000e7880000)
  from space 8192K, 95% used [0x00000000e8c80000,0x00000000e941f3c8,0x00000000e9480000)
  to   space 10752K, 0% used [0x00000000e7f80000,0x00000000e7f80000,0x00000000e8a00000)
 ParOldGen       total 51712K, used 8987K [0x00000000a0000000, 0x00000000a3280000, 0x00000000e0000000)
  object space 51712K, 17% used [0x00000000a0000000,0x00000000a08c6c58,0x00000000a3280000)
 Metaspace       used 27963K, capacity 28426K, committed 28672K, reserved 1073152K
  class space    used 3817K, capacity 3990K, committed 4096K, reserved 1048576K
}
Event: 19.312 GC heap before
{Heap before GC invocations=8 (full 1):
 PSYoungGen      total 131584K, used 114106K [0x00000000e0000000, 0x00000000e9480000, 0x0000000100000000)
  eden space 123392K, 86% used [0x00000000e0000000,0x00000000e67cf4c8,0x00000000e7880000)
  from space 8192K, 95% used [0x00000000e8c80000,0x00000000e941f3c8,0x00000000e9480000)
  to   space 10752K, 0% used [0x00000000e7f80000,0x00000000e7f80000,0x00000000e8a00000)
 ParOldGen       total 51712K, used 8987K [0x00000000a0000000, 0x00000000a3280000, 0x00000000e0000000)
  object space 51712K, 17% used [0x00000000a0000000,0x00000000a08c6c58,0x00000000a3280000)
 Metaspace       used 34790K, capacity 35346K, committed 35416K, reserved 1079296K
  class space    used 4765K, capacity 4940K, committed 4992K, reserved 1048576K
Event: 19.333 GC heap after
Heap after GC invocations=8 (full 1):
 PSYoungGen      total 141312K, used 10733K [0x00000000e0000000, 0x00000000ef800000, 0x0000000100000000)
  eden space 130560K, 0% used [0x00000000e0000000,0x00000000e0000000,0x00000000e7f80000)
  from space 10752K, 99% used [0x00000000e7f80000,0x00000000e89fb558,0x00000000e8a00000)
  to   space 13312K, 0% used [0x00000000eeb00000,0x00000000eeb00000,0x00000000ef800000)
 ParOldGen       total 51712K, used 11972K [0x00000000a0000000, 0x00000000a3280000, 0x00000000e0000000)
  object space 51712K, 23% used [0x00000000a0000000,0x00000000a0bb12f0,0x00000000a3280000)
 Metaspace       used 34790K, capacity 35346K, committed 35416K, reserved 1079296K
  class space    used 4765K, capacity 4940K, committed 4992K, reserved 1048576K
}
Event: 19.333 GC heap before
{Heap before GC invocations=9 (full 2):
 PSYoungGen      total 141312K, used 10733K [0x00000000e0000000, 0x00000000ef800000, 0x0000000100000000)
  eden space 130560K, 0% used [0x00000000e0000000,0x00000000e0000000,0x00000000e7f80000)
  from space 10752K, 99% used [0x00000000e7f80000,0x00000000e89fb558,0x00000000e8a00000)
  to   space 13312K, 0% used [0x00000000eeb00000,0x00000000eeb00000,0x00000000ef800000)
 ParOldGen       total 51712K, used 11972K [0x00000000a0000000, 0x00000000a3280000, 0x00000000e0000000)
  object space 51712K, 23% used [0x00000000a0000000,0x00000000a0bb12f0,0x00000000a3280000)
 Metaspace       used 34790K, capacity 35346K, committed 35416K, reserved 1079296K
  class space    used 4765K, capacity 4940K, committed 4992K, reserved 1048576K
Event: 19.426 GC heap after
Heap after GC invocations=9 (full 2):
 PSYoungGen      total 141312K, used 0K [0x00000000e0000000, 0x00000000ef800000, 0x0000000100000000)
  eden space 130560K, 0% used [0x00000000e0000000,0x00000000e0000000,0x00000000e7f80000)
  from space 10752K, 0% used [0x00000000e7f80000,0x00000000e7f80000,0x00000000e8a00000)
  to   space 13312K, 0% used [0x00000000eeb00000,0x00000000eeb00000,0x00000000ef800000)
 ParOldGen       total 81920K, used 19818K [0x00000000a0000000, 0x00000000a5000000, 0x00000000e0000000)
  object space 81920K, 24% used [0x00000000a0000000,0x00000000a135a8b8,0x00000000a5000000)
 Metaspace       used 34753K, capacity 35298K, committed 35416K, reserved 1079296K
  class space    used 4751K, capacity 4924K, committed 4992K, reserved 1048576K
}

